TN:
SF:src/main.ts
FNF:0
FNH:0
DA:4,0
LF:1
LH:0
BRF:0
BRH:0
end_of_record
TN:
SF:src/app/App.ts
FN:4,(anonymous_0)
FN:12,(anonymous_1)
FN:17,(anonymous_2)
FN:23,(anonymous_3)
FN:33,(anonymous_4)
FN:59,(anonymous_5)
FN:63,(anonymous_6)
FNF:7
FNH:0
FNDA:0,(anonymous_0)
FNDA:0,(anonymous_1)
FNDA:0,(anonymous_2)
FNDA:0,(anonymous_3)
FNDA:0,(anonymous_4)
FNDA:0,(anonymous_5)
FNDA:0,(anonymous_6)
DA:4,0
DA:8,0
DA:9,0
DA:10,0
DA:13,0
DA:14,0
DA:18,0
DA:19,0
DA:20,0
DA:24,0
DA:25,0
DA:26,0
DA:29,0
DA:31,0
DA:33,0
DA:34,0
DA:36,0
DA:37,0
DA:40,0
DA:41,0
DA:42,0
DA:43,0
DA:46,0
DA:47,0
DA:48,0
DA:56,0
DA:60,0
DA:64,0
DA:65,0
DA:66,0
LF:30
LH:0
BRDA:24,0,0,0
BRDA:24,0,1,0
BRDA:34,1,0,0
BRDA:34,1,1,0
BRDA:41,2,0,0
BRDA:41,2,1,0
BRDA:64,3,0,0
BRDA:64,3,1,0
BRF:8
BRH:0
end_of_record
TN:
SF:src/ecs/Event.ts
FN:10,(anonymous_0)
FN:21,(anonymous_1)
FN:22,(anonymous_2)
FN:25,(anonymous_3)
FN:29,(anonymous_4)
FN:32,(anonymous_5)
FN:35,(anonymous_6)
FN:39,(anonymous_7)
FN:46,(anonymous_8)
FN:67,(anonymous_9)
FN:75,(anonymous_10)
FN:112,(anonymous_11)
FN:122,(anonymous_12)
FN:124,(anonymous_13)
FN:131,(anonymous_14)
FN:137,(anonymous_15)
FN:138,(anonymous_16)
FN:144,(anonymous_17)
FN:145,(anonymous_18)
FN:151,(anonymous_19)
FN:158,(anonymous_20)
FNF:21
FNH:18
FNDA:15,(anonymous_0)
FNDA:24,(anonymous_1)
FNDA:27,(anonymous_2)
FNDA:0,(anonymous_3)
FNDA:2,(anonymous_4)
FNDA:2,(anonymous_5)
FNDA:0,(anonymous_6)
FNDA:0,(anonymous_7)
FNDA:14,(anonymous_8)
FNDA:10,(anonymous_9)
FNDA:15,(anonymous_10)
FNDA:11,(anonymous_11)
FNDA:18,(anonymous_12)
FNDA:23,(anonymous_13)
FNDA:17,(anonymous_14)
FNDA:5,(anonymous_15)
FNDA:3,(anonymous_16)
FNDA:1,(anonymous_17)
FNDA:1,(anonymous_18)
FNDA:3,(anonymous_19)
FNDA:3,(anonymous_20)
DA:6,10
DA:7,10
DA:8,10
DA:11,15
DA:22,27
DA:26,0
DA:30,2
DA:32,2
DA:36,0
DA:40,0
DA:47,14
DA:68,10
DA:76,15
DA:113,11
DA:115,11
DA:123,18
DA:124,23
DA:126,18
DA:128,14
DA:131,18
DA:138,5
DA:145,1
DA:152,3
DA:159,3
LF:24
LH:21
BRDA:47,0,0,3
BRDA:47,0,1,11
BRDA:126,1,0,14
BRDA:126,1,1,4
BRF:4
BRH:4
end_of_record
TN:
SF:src/ecs/Query.ts
FN:73,(anonymous_0)
FN:83,(anonymous_1)
FNF:2
FNH:2
FNDA:10,(anonymous_0)
FNDA:120,(anonymous_1)
DA:4,6
DA:73,6
DA:74,10
DA:83,6
DA:86,120
LF:5
LH:5
BRDA:86,0,0,120
BRDA:86,0,1,35
BRDA:86,0,2,35
BRF:3
BRH:3
end_of_record
TN:
SF:src/ecs/Registry.ts
FN:16,(anonymous_0)
FN:20,event
FN:24,component
FN:29,(anonymous_3)
FN:37,resource
FN:42,(anonymous_5)
FNF:6
FNH:6
FNDA:54,(anonymous_0)
FNDA:1,event
FNDA:8,component
FNDA:110,(anonymous_3)
FNDA:3,resource
FNDA:12,(anonymous_5)
DA:1,6
DA:2,6
DA:4,6
DA:16,6
DA:17,54
DA:21,1
DA:27,8
DA:29,8
DA:30,110
DA:32,8
DA:33,8
DA:40,3
DA:42,3
DA:43,12
DA:45,3
DA:46,3
LF:16
LH:16
BRF:0
BRH:0
end_of_record
TN:
SF:src/ecs/State.ts
FN:56,state
FN:80,(anonymous_1)
FN:87,(anonymous_2)
FNF:3
FNH:3
FNDA:1,state
FNDA:24,(anonymous_1)
FNDA:12,(anonymous_2)
DA:5,6
DA:7,6
DA:63,1
DA:65,1
DA:73,1
DA:74,3
DA:77,1
DA:80,6
DA:83,24
DA:84,24
DA:87,6
DA:90,12
DA:91,12
LF:13
LH:13
BRF:0
BRH:0
end_of_record
TN:
SF:src/ecs/Systems.ts
FN:17,(anonymous_0)
FN:29,(anonymous_1)
FNF:2
FNH:2
FNDA:36,(anonymous_0)
FNDA:36,(anonymous_1)
DA:17,36
DA:20,6
DA:21,6
DA:22,6
DA:23,6
DA:24,6
DA:27,6
DA:29,6
DA:30,36
DA:31,6
DA:33,36
LF:11
LH:11
BRDA:30,0,0,6
BRDA:30,0,1,30
BRF:2
BRH:2
end_of_record
TN:
SF:src/ecs/World.ts
FN:135,(anonymous_0)
FN:137,(anonymous_1)
FN:138,(anonymous_2)
FN:142,(anonymous_3)
FN:167,(anonymous_4)
FN:186,(anonymous_5)
FN:195,(anonymous_6)
FN:226,(anonymous_7)
FN:253,(anonymous_8)
FN:276,(anonymous_9)
FN:280,(anonymous_10)
FN:324,(anonymous_11)
FN:338,(anonymous_12)
FN:341,(anonymous_13)
FN:369,(anonymous_14)
FN:377,(anonymous_15)
FN:400,(anonymous_16)
FN:416,(anonymous_17)
FN:438,(anonymous_18)
FN:441,(anonymous_19)
FN:442,(anonymous_20)
FN:470,(anonymous_21)
FN:473,(anonymous_22)
FN:477,(anonymous_23)
FN:484,(anonymous_24)
FN:522,(anonymous_25)
FN:526,(anonymous_26)
FN:528,(anonymous_27)
FN:532,(anonymous_28)
FN:545,(anonymous_29)
FN:570,(anonymous_30)
FN:572,(anonymous_31)
FN:588,(anonymous_32)
FN:621,(anonymous_33)
FN:623,(anonymous_34)
FN:640,(anonymous_35)
FN:667,(anonymous_36)
FN:668,(anonymous_37)
FN:712,(anonymous_38)
FN:715,(anonymous_39)
FN:763,(anonymous_40)
FN:769,(anonymous_41)
FN:834,(anonymous_42)
FN:839,(anonymous_43)
FN:845,(anonymous_44)
FN:855,(anonymous_45)
FN:857,(anonymous_46)
FN:860,(anonymous_47)
FN:868,(anonymous_48)
FN:918,(anonymous_49)
FN:924,(anonymous_50)
FN:967,(anonymous_51)
FN:976,(anonymous_52)
FN:985,(anonymous_53)
FN:1008,(anonymous_54)
FN:1032,(anonymous_55)
FN:1067,(anonymous_56)
FN:1093,(anonymous_57)
FN:1109,(anonymous_58)
FN:1142,(anonymous_59)
FN:1173,(anonymous_60)
FN:1182,(anonymous_61)
FNF:62
FNH:61
FNDA:115,(anonymous_0)
FNDA:158,(anonymous_1)
FNDA:48,(anonymous_2)
FNDA:84,(anonymous_3)
FNDA:75,(anonymous_4)
FNDA:6,(anonymous_5)
FNDA:11,(anonymous_6)
FNDA:11,(anonymous_7)
FNDA:10,(anonymous_8)
FNDA:4,(anonymous_9)
FNDA:64,(anonymous_10)
FNDA:32,(anonymous_11)
FNDA:284,(anonymous_12)
FNDA:4,(anonymous_13)
FNDA:3,(anonymous_14)
FNDA:0,(anonymous_15)
FNDA:64,(anonymous_16)
FNDA:31,(anonymous_17)
FNDA:39,(anonymous_18)
FNDA:15,(anonymous_19)
FNDA:25,(anonymous_20)
FNDA:28,(anonymous_21)
FNDA:54,(anonymous_22)
FNDA:43,(anonymous_23)
FNDA:44,(anonymous_24)
FNDA:3,(anonymous_25)
FNDA:5,(anonymous_26)
FNDA:5,(anonymous_27)
FNDA:4,(anonymous_28)
FNDA:4,(anonymous_29)
FNDA:4,(anonymous_30)
FNDA:8,(anonymous_31)
FNDA:3,(anonymous_32)
FNDA:7,(anonymous_33)
FNDA:14,(anonymous_34)
FNDA:5,(anonymous_35)
FNDA:6,(anonymous_36)
FNDA:6,(anonymous_37)
FNDA:67,(anonymous_38)
FNDA:93,(anonymous_39)
FNDA:2,(anonymous_40)
FNDA:2,(anonymous_41)
FNDA:60,(anonymous_42)
FNDA:16,(anonymous_43)
FNDA:5,(anonymous_44)
FNDA:15,(anonymous_45)
FNDA:21,(anonymous_46)
FNDA:8,(anonymous_47)
FNDA:9,(anonymous_48)
FNDA:5,(anonymous_49)
FNDA:6,(anonymous_50)
FNDA:4,(anonymous_51)
FNDA:7,(anonymous_52)
FNDA:16,(anonymous_53)
FNDA:64,(anonymous_54)
FNDA:64,(anonymous_55)
FNDA:12,(anonymous_56)
FNDA:14,(anonymous_57)
FNDA:3,(anonymous_58)
FNDA:10,(anonymous_59)
FNDA:11,(anonymous_60)
FNDA:64,(anonymous_61)
DA:24,6
DA:95,104
DA:98,104
DA:99,104
DA:100,104
DA:103,104
DA:106,104
DA:109,104
DA:115,104
DA:118,104
DA:121,104
DA:122,104
DA:123,104
DA:124,104
DA:125,104
DA:126,104
DA:129,104
DA:136,115
DA:137,158
DA:138,48
DA:145,84
DA:146,84
DA:148,84
DA:149,75
DA:156,75
DA:157,108
DA:160,75
DA:161,75
DA:164,84
DA:168,75
DA:187,6
DA:188,6
DA:196,11
DA:197,11
DA:198,11
DA:199,11
DA:201,11
DA:229,11
DA:234,11
DA:254,10
DA:255,10
DA:257,9
DA:258,9
DA:259,9
DA:277,4
DA:281,64
DA:282,17
DA:284,16
DA:285,9
DA:288,16
DA:290,16
DA:291,16
DA:329,32
DA:330,32
DA:331,33
DA:332,33
DA:333,33
DA:335,32
DA:339,284
DA:340,284
DA:341,30
DA:342,28
DA:370,3
DA:401,64
DA:402,64
DA:403,64
DA:404,64
DA:405,64
DA:407,64
DA:408,64
DA:409,64
DA:417,31
DA:418,31
DA:420,31
DA:421,59
DA:422,45
DA:423,10
DA:425,35
DA:430,31
DA:432,31
DA:434,31
DA:435,26
DA:437,26
DA:438,39
DA:439,35
DA:441,31
DA:442,25
DA:444,31
DA:446,24
DA:448,26
DA:451,31
DA:471,28
DA:472,28
DA:473,54
DA:475,28
DA:476,26
DA:477,26
DA:478,43
DA:483,26
DA:484,44
DA:485,26
DA:489,28
DA:523,3
DA:524,3
DA:525,3
DA:526,5
DA:528,5
DA:530,3
DA:531,3
DA:532,3
DA:533,4
DA:538,3
DA:539,3
DA:541,3
DA:542,4
DA:545,4
DA:546,3
DA:550,3
DA:571,4
DA:572,8
DA:574,4
DA:576,4
DA:577,4
DA:578,4
DA:579,4
DA:580,3
DA:581,3
DA:586,4
DA:588,3
DA:589,3
DA:622,7
DA:623,14
DA:625,7
DA:628,7
DA:629,7
DA:630,7
DA:631,7
DA:632,5
DA:633,5
DA:638,7
DA:640,5
DA:641,5
DA:668,6
DA:669,6
DA:671,6
DA:672,6
DA:673,6
DA:674,6
DA:675,5
DA:676,5
DA:681,6
DA:713,67
DA:714,67
DA:715,93
DA:717,67
DA:719,67
DA:720,67
DA:722,67
DA:723,93
DA:725,93
DA:726,77
DA:728,93
DA:731,67
DA:732,67
DA:764,2
DA:767,2
DA:768,2
DA:769,2
DA:771,2
DA:773,2
DA:774,8
DA:775,8
DA:777,8
DA:778,8
DA:780,8
DA:781,8
DA:783,8
DA:784,2
DA:786,8
DA:789,8
DA:790,8
DA:793,2
DA:835,60
DA:836,60
DA:838,60
DA:840,16
DA:841,13
DA:842,13
DA:846,5
DA:847,5
DA:848,5
DA:851,4
DA:852,4
DA:856,15
DA:857,21
DA:861,8
DA:863,8
DA:864,8
DA:867,8
DA:868,9
DA:871,8
DA:873,3
DA:874,3
DA:876,3
DA:878,3
DA:882,5
DA:883,5
DA:884,6
DA:887,5
DA:888,5
DA:889,6
DA:891,5
DA:892,6
DA:896,5
DA:899,5
DA:900,5
DA:901,5
DA:903,5
DA:904,12
DA:907,5
DA:910,5
DA:911,6
DA:912,6
DA:914,6
DA:919,5
DA:921,5
DA:922,5
DA:924,5
DA:925,6
DA:927,5
DA:929,4
DA:930,4
DA:931,5
DA:934,4
DA:935,4
DA:936,4
DA:939,4
DA:940,5
DA:941,5
DA:943,5
DA:946,4
DA:949,4
DA:950,4
DA:951,4
DA:952,4
DA:954,4
DA:955,4
DA:958,4
DA:963,0
DA:968,4
DA:969,3
DA:970,3
DA:971,2
DA:973,3
DA:977,7
DA:978,7
DA:982,60
DA:986,16
DA:987,16
DA:989,16
DA:991,0
DA:992,0
DA:994,0
DA:995,0
DA:999,0
DA:1002,16
DA:1003,16
DA:1004,22
DA:1009,64
DA:1010,7
DA:1011,7
DA:1014,7
DA:1015,7
DA:1016,7
DA:1018,7
DA:1021,7
DA:1022,7
DA:1025,64
DA:1033,64
DA:1034,64
DA:1035,64
DA:1037,64
DA:1038,64
DA:1039,64
DA:1068,12
DA:1069,12
DA:1071,12
DA:1094,14
DA:1110,3
DA:1143,10
DA:1144,10
DA:1145,9
DA:1146,9
DA:1148,10
DA:1174,11
DA:1175,11
DA:1176,1
DA:1177,1
DA:1179,11
DA:1183,64
DA:1184,2
LF:301
LH:295
BRDA:148,0,0,75
BRDA:148,0,1,9
BRDA:197,1,0,11
BRDA:197,1,1,0
BRDA:255,2,0,1
BRDA:255,2,1,9
BRDA:255,3,0,10
BRDA:255,3,1,10
BRDA:282,4,0,1
BRDA:282,4,1,16
BRDA:284,5,0,9
BRDA:284,5,1,7
BRDA:329,6,0,1
BRDA:329,6,1,31
BRDA:331,7,0,33
BRDA:331,7,1,27
BRDA:332,8,0,33
BRDA:332,8,1,31
BRDA:339,9,0,284
BRDA:339,9,1,260
BRDA:341,10,0,28
BRDA:341,10,1,2
BRDA:421,11,0,14
BRDA:421,11,1,45
BRDA:422,12,0,10
BRDA:422,12,1,35
BRDA:431,13,0,9
BRDA:431,13,1,22
BRDA:434,14,0,26
BRDA:434,14,1,5
BRDA:439,15,0,4
BRDA:439,15,1,31
BRDA:444,16,0,7
BRDA:444,16,1,24
BRDA:478,17,0,14
BRDA:478,17,1,29
BRDA:526,18,0,5
BRDA:526,18,1,5
BRDA:533,19,0,0
BRDA:533,19,1,4
BRDA:572,20,0,8
BRDA:572,20,1,4
BRDA:574,21,0,0
BRDA:574,21,1,4
BRDA:579,22,0,3
BRDA:579,22,1,1
BRDA:586,23,0,1
BRDA:586,23,1,3
BRDA:623,24,0,14
BRDA:623,24,1,7
BRDA:625,25,0,0
BRDA:625,25,1,7
BRDA:631,26,0,5
BRDA:631,26,1,2
BRDA:638,27,0,2
BRDA:638,27,1,5
BRDA:669,28,0,0
BRDA:669,28,1,6
BRDA:674,29,0,5
BRDA:674,29,1,1
BRDA:725,30,0,77
BRDA:725,30,1,16
BRDA:775,31,0,2
BRDA:775,31,1,6
BRDA:783,32,0,2
BRDA:783,32,1,6
BRDA:840,33,0,3
BRDA:840,33,1,13
BRDA:846,34,0,0
BRDA:846,34,1,5
BRDA:848,35,0,1
BRDA:848,35,1,4
BRDA:856,36,0,1
BRDA:856,36,1,14
BRDA:861,37,0,0
BRDA:861,37,1,8
BRDA:871,38,0,3
BRDA:871,38,1,5
BRDA:911,39,0,6
BRDA:911,39,1,0
BRDA:919,40,0,0
BRDA:919,40,1,5
BRDA:927,41,0,1
BRDA:927,41,1,4
BRDA:940,42,0,5
BRDA:940,42,1,0
BRDA:949,43,0,4
BRDA:949,43,1,0
BRDA:968,44,0,1
BRDA:968,44,1,3
BRDA:977,45,0,0
BRDA:977,45,1,7
BRDA:989,46,0,0
BRDA:989,46,1,16
BRDA:1011,47,0,0
BRDA:1011,47,1,7
BRDA:1015,48,0,7
BRDA:1015,48,1,0
BRDA:1144,49,0,9
BRDA:1144,49,1,1
BRDA:1175,50,0,1
BRDA:1175,50,1,10
BRF:102
BRH:87
end_of_record
TN:
SF:src/examples/event.ts
FN:18,(anonymous_0)
FN:30,(anonymous_1)
FN:47,(anonymous_2)
FN:56,(anonymous_3)
FNF:4
FNH:0
FNDA:0,(anonymous_0)
FNDA:0,(anonymous_1)
FNDA:0,(anonymous_2)
FNDA:0,(anonymous_3)
DA:14,0
DA:15,0
DA:18,0
DA:19,0
DA:22,0
DA:23,0
DA:28,0
DA:30,0
DA:31,0
DA:32,0
DA:34,0
DA:35,0
DA:38,0
DA:39,0
DA:45,0
DA:47,0
DA:48,0
DA:50,0
DA:51,0
DA:56,0
DA:57,0
DA:59,0
DA:60,0
DA:61,0
DA:63,0
DA:64,0
LF:26
LH:0
BRDA:38,0,0,0
BRDA:38,0,1,0
BRF:2
BRH:0
end_of_record
TN:
SF:src/examples/query.ts
FN:14,(anonymous_0)
FN:15,(anonymous_1)
FN:16,(anonymous_2)
FN:17,(anonymous_3)
FN:20,(anonymous_4)
FN:27,(anonymous_5)
FN:41,(anonymous_6)
FN:48,(anonymous_7)
FN:55,(anonymous_8)
FN:62,(anonymous_9)
FN:69,(anonymous_10)
FNF:11
FNH:0
FNDA:0,(anonymous_0)
FNDA:0,(anonymous_1)
FNDA:0,(anonymous_2)
FNDA:0,(anonymous_3)
FNDA:0,(anonymous_4)
FNDA:0,(anonymous_5)
FNDA:0,(anonymous_6)
FNDA:0,(anonymous_7)
FNDA:0,(anonymous_8)
FNDA:0,(anonymous_9)
FNDA:0,(anonymous_10)
DA:14,0
DA:15,0
DA:16,0
DA:17,0
DA:20,0
DA:21,0
DA:22,0
DA:23,0
DA:27,0
DA:29,0
DA:34,0
DA:41,0
DA:42,0
DA:43,0
DA:48,0
DA:49,0
DA:50,0
DA:55,0
DA:56,0
DA:57,0
DA:62,0
DA:63,0
DA:64,0
DA:69,0
DA:70,0
DA:72,0
DA:73,0
DA:74,0
DA:75,0
DA:76,0
DA:79,0
DA:82,0
DA:83,0
DA:84,0
DA:85,0
DA:87,0
DA:88,0
DA:91,0
DA:92,0
LF:39
LH:0
BRF:0
BRH:0
end_of_record
TN:
SF:src/examples/resources.ts
FN:13,(anonymous_0)
FN:18,(anonymous_1)
FN:24,(anonymous_2)
FN:29,(anonymous_3)
FN:35,(anonymous_4)
FN:43,(anonymous_5)
FN:53,(anonymous_6)
FN:62,(anonymous_7)
FN:71,(anonymous_8)
FNF:9
FNH:0
FNDA:0,(anonymous_0)
FNDA:0,(anonymous_1)
FNDA:0,(anonymous_2)
FNDA:0,(anonymous_3)
FNDA:0,(anonymous_4)
FNDA:0,(anonymous_5)
FNDA:0,(anonymous_6)
FNDA:0,(anonymous_7)
FNDA:0,(anonymous_8)
DA:13,0
DA:18,0
DA:24,0
DA:29,0
DA:35,0
DA:36,0
DA:37,0
DA:39,0
DA:43,0
DA:44,0
DA:45,0
DA:47,0
DA:48,0
DA:53,0
DA:54,0
DA:55,0
DA:57,0
DA:58,0
DA:62,0
DA:63,0
DA:64,0
DA:66,0
DA:67,0
DA:71,0
DA:72,0
DA:75,0
DA:81,0
DA:82,0
DA:83,0
DA:84,0
DA:86,0
DA:89,0
DA:90,0
DA:91,0
DA:93,0
DA:95,0
LF:36
LH:0
BRDA:37,0,0,0
BRDA:37,0,1,0
BRDA:45,1,0,0
BRDA:45,1,1,0
BRDA:47,2,0,0
BRDA:47,2,1,0
BRDA:55,3,0,0
BRDA:55,3,1,0
BRDA:64,4,0,0
BRDA:64,4,1,0
BRF:10
BRH:0
end_of_record
TN:
SF:src/examples/state.ts
FN:24,(anonymous_0)
FN:28,(anonymous_1)
FN:32,(anonymous_2)
FN:36,(anonymous_3)
FN:41,(anonymous_4)
FN:46,(anonymous_5)
FN:60,(anonymous_6)
FNF:7
FNH:0
FNDA:0,(anonymous_0)
FNDA:0,(anonymous_1)
FNDA:0,(anonymous_2)
FNDA:0,(anonymous_3)
FNDA:0,(anonymous_4)
FNDA:0,(anonymous_5)
FNDA:0,(anonymous_6)
DA:13,0
DA:21,0
DA:24,0
DA:25,0
DA:28,0
DA:29,0
DA:32,0
DA:33,0
DA:36,0
DA:37,0
DA:41,0
DA:42,0
DA:46,0
DA:47,0
DA:50,0
DA:53,0
DA:54,0
DA:55,0
DA:56,0
DA:59,0
DA:60,0
DA:64,0
DA:65,0
DA:67,0
DA:68,0
DA:70,0
DA:71,0
LF:27
LH:0
BRF:0
BRH:0
end_of_record
TN:
SF:src/examples/system.ts
FN:13,(anonymous_0)
FN:14,(anonymous_1)
FN:17,(anonymous_2)
FN:22,(anonymous_3)
FN:27,(anonymous_4)
FN:31,(anonymous_5)
FN:36,(anonymous_6)
FN:41,(anonymous_7)
FN:46,(anonymous_8)
FN:51,(anonymous_9)
FN:55,(anonymous_10)
FN:60,(anonymous_11)
FNF:12
FNH:0
FNDA:0,(anonymous_0)
FNDA:0,(anonymous_1)
FNDA:0,(anonymous_2)
FNDA:0,(anonymous_3)
FNDA:0,(anonymous_4)
FNDA:0,(anonymous_5)
FNDA:0,(anonymous_6)
FNDA:0,(anonymous_7)
FNDA:0,(anonymous_8)
FNDA:0,(anonymous_9)
FNDA:0,(anonymous_10)
FNDA:0,(anonymous_11)
DA:13,0
DA:14,0
DA:17,0
DA:18,0
DA:22,0
DA:23,0
DA:27,0
DA:28,0
DA:31,0
DA:32,0
DA:36,0
DA:37,0
DA:41,0
DA:42,0
DA:46,0
DA:47,0
DA:51,0
DA:52,0
DA:55,0
DA:56,0
DA:60,0
DA:61,0
DA:64,0
DA:65,0
DA:68,0
DA:69,0
DA:72,0
DA:74,0
DA:75,0
DA:78,0
DA:83,0
DA:88,0
DA:89,0
DA:92,0
DA:93,0
LF:35
LH:0
BRDA:56,0,0,0
BRDA:56,0,1,0
BRF:2
BRH:0
end_of_record
TN:
SF:src/game/Game.ts
FN:6,(anonymous_0)
FNF:1
FNH:0
FNDA:0,(anonymous_0)
DA:7,0
DA:8,0
DA:10,0
DA:12,0
LF:4
LH:0
BRF:0
BRH:0
end_of_record
TN:
SF:src/game/tmp.ts
FN:15,(anonymous_0)
FN:22,(anonymous_1)
FN:27,(anonymous_2)
FN:34,(anonymous_3)
FN:44,(anonymous_4)
FN:60,(anonymous_5)
FN:65,(anonymous_6)
FN:91,(anonymous_7)
FN:115,(anonymous_8)
FN:119,(anonymous_9)
FN:125,(anonymous_10)
FNF:11
FNH:0
FNDA:0,(anonymous_0)
FNDA:0,(anonymous_1)
FNDA:0,(anonymous_2)
FNDA:0,(anonymous_3)
FNDA:0,(anonymous_4)
FNDA:0,(anonymous_5)
FNDA:0,(anonymous_6)
FNDA:0,(anonymous_7)
FNDA:0,(anonymous_8)
FNDA:0,(anonymous_9)
FNDA:0,(anonymous_10)
DA:7,0
DA:13,0
DA:15,0
DA:22,0
DA:27,0
DA:32,0
DA:34,0
DA:35,0
DA:36,0
DA:38,0
DA:39,0
DA:40,0
DA:44,0
DA:45,0
DA:47,0
DA:48,0
DA:49,0
DA:52,0
DA:54,0
DA:55,0
DA:57,0
DA:60,0
DA:61,0
DA:62,0
DA:65,0
DA:66,0
DA:67,0
DA:68,0
DA:69,0
DA:70,0
DA:75,0
DA:76,0
DA:77,0
DA:78,0
DA:80,0
DA:81,0
DA:92,0
DA:93,0
DA:95,0
DA:96,0
DA:98,0
DA:99,0
DA:101,0
DA:102,0
DA:103,0
DA:104,0
DA:106,0
DA:110,0
DA:115,0
DA:116,0
DA:119,0
DA:120,0
DA:123,0
DA:125,0
DA:126,0
LF:55
LH:0
BRDA:22,0,0,0
BRDA:22,1,0,0
BRDA:27,2,0,0
BRDA:27,3,0,0
BRDA:80,4,0,0
BRDA:80,4,1,0
BRF:6
BRH:0
end_of_record
TN:
SF:src/game/renderer/renderer.ts
FN:17,(anonymous_0)
FN:25,(anonymous_1)
FNF:2
FNH:0
FNDA:0,(anonymous_0)
FNDA:0,(anonymous_1)
DA:17,0
DA:25,0
DA:26,0
DA:29,0
LF:4
LH:0
BRF:0
BRH:0
end_of_record
TN:
SF:src/game/renderer/setup.ts
FN:16,(anonymous_0)
FN:27,(anonymous_1)
FN:45,(anonymous_2)
FN:51,(anonymous_3)
FN:65,(anonymous_4)
FN:76,(anonymous_5)
FN:83,(anonymous_6)
FNF:7
FNH:0
FNDA:0,(anonymous_0)
FNDA:0,(anonymous_1)
FNDA:0,(anonymous_2)
FNDA:0,(anonymous_3)
FNDA:0,(anonymous_4)
FNDA:0,(anonymous_5)
FNDA:0,(anonymous_6)
DA:16,0
DA:17,0
DA:18,0
DA:19,0
DA:22,0
DA:23,0
DA:24,0
DA:25,0
DA:27,0
DA:29,0
DA:30,0
DA:31,0
DA:32,0
DA:34,0
DA:45,0
DA:46,0
DA:47,0
DA:48,0
DA:51,0
DA:52,0
DA:53,0
DA:55,0
DA:56,0
DA:58,0
DA:59,0
DA:60,0
DA:62,0
DA:65,0
DA:66,0
DA:72,0
DA:73,0
DA:76,0
DA:77,0
DA:78,0
DA:79,0
DA:80,0
DA:83,0
DA:87,0
DA:88,0
DA:89,0
DA:90,0
LF:41
LH:0
BRDA:18,0,0,0
BRDA:18,0,1,0
BRF:2
BRH:0
end_of_record
TN:
SF:src/game/renderer/update.ts
FN:12,(anonymous_0)
FN:24,(anonymous_1)
FN:39,(anonymous_2)
FNF:3
FNH:0
FNDA:0,(anonymous_0)
FNDA:0,(anonymous_1)
FNDA:0,(anonymous_2)
DA:10,0
DA:12,0
DA:13,0
DA:14,0
DA:15,0
DA:16,0
DA:19,0
DA:20,0
DA:23,0
DA:24,0
DA:25,0
DA:26,0
DA:29,0
DA:30,0
DA:31,0
DA:32,0
DA:33,0
DA:34,0
DA:38,0
DA:39,0
DA:40,0
DA:42,0
DA:43,0
LF:23
LH:0
BRDA:14,0,0,0
BRDA:14,0,1,0
BRDA:26,1,0,0
BRDA:26,1,1,0
BRDA:29,2,0,0
BRDA:29,2,1,0
BRF:6
BRH:0
end_of_record
