TN:
SF:src/main.ts
FNF:0
FNH:0
DA:4,0
LF:1
LH:0
BRF:0
BRH:0
end_of_record
TN:
SF:src/app/App.ts
FN:4,(anonymous_0)
FN:12,(anonymous_1)
FN:17,(anonymous_2)
FN:23,(anonymous_3)
FN:33,(anonymous_4)
FN:57,(anonymous_5)
FN:61,(anonymous_6)
FNF:7
FNH:0
FNDA:0,(anonymous_0)
FNDA:0,(anonymous_1)
FNDA:0,(anonymous_2)
FNDA:0,(anonymous_3)
FNDA:0,(anonymous_4)
FNDA:0,(anonymous_5)
FNDA:0,(anonymous_6)
DA:4,0
DA:8,0
DA:9,0
DA:10,0
DA:13,0
DA:14,0
DA:18,0
DA:19,0
DA:20,0
DA:24,0
DA:25,0
DA:26,0
DA:29,0
DA:31,0
DA:33,0
DA:34,0
DA:36,0
DA:37,0
DA:40,0
DA:41,0
DA:42,0
DA:43,0
DA:46,0
DA:47,0
DA:54,0
DA:58,0
DA:62,0
DA:63,0
DA:64,0
LF:29
LH:0
BRDA:24,0,0,0
BRDA:24,0,1,0
BRDA:34,1,0,0
BRDA:34,1,1,0
BRDA:41,2,0,0
BRDA:41,2,1,0
BRDA:62,3,0,0
BRDA:62,3,1,0
BRF:8
BRH:0
end_of_record
TN:
SF:src/ecs/Event.ts
FN:10,(anonymous_0)
FN:21,(anonymous_1)
FN:22,(anonymous_2)
FN:25,(anonymous_3)
FN:29,(anonymous_4)
FN:32,(anonymous_5)
FN:35,(anonymous_6)
FN:39,(anonymous_7)
FN:46,(anonymous_8)
FN:67,(anonymous_9)
FN:75,(anonymous_10)
FN:112,(anonymous_11)
FN:122,(anonymous_12)
FN:124,(anonymous_13)
FN:131,(anonymous_14)
FN:137,(anonymous_15)
FN:138,(anonymous_16)
FN:144,(anonymous_17)
FN:145,(anonymous_18)
FN:151,(anonymous_19)
FN:158,(anonymous_20)
FNF:21
FNH:18
FNDA:15,(anonymous_0)
FNDA:24,(anonymous_1)
FNDA:27,(anonymous_2)
FNDA:0,(anonymous_3)
FNDA:2,(anonymous_4)
FNDA:2,(anonymous_5)
FNDA:0,(anonymous_6)
FNDA:0,(anonymous_7)
FNDA:14,(anonymous_8)
FNDA:10,(anonymous_9)
FNDA:15,(anonymous_10)
FNDA:11,(anonymous_11)
FNDA:18,(anonymous_12)
FNDA:23,(anonymous_13)
FNDA:17,(anonymous_14)
FNDA:5,(anonymous_15)
FNDA:3,(anonymous_16)
FNDA:1,(anonymous_17)
FNDA:1,(anonymous_18)
FNDA:3,(anonymous_19)
FNDA:3,(anonymous_20)
DA:6,10
DA:7,10
DA:8,10
DA:11,15
DA:22,27
DA:26,0
DA:30,2
DA:32,2
DA:36,0
DA:40,0
DA:47,14
DA:68,10
DA:76,15
DA:113,11
DA:115,11
DA:123,18
DA:124,23
DA:126,18
DA:128,14
DA:131,18
DA:138,5
DA:145,1
DA:152,3
DA:159,3
LF:24
LH:21
BRDA:47,0,0,3
BRDA:47,0,1,11
BRDA:126,1,0,14
BRDA:126,1,1,4
BRF:4
BRH:4
end_of_record
TN:
SF:src/ecs/Query.ts
FNF:0
FNH:0
LF:0
LH:0
BRF:0
BRH:0
end_of_record
TN:
SF:src/ecs/Registry.ts
FN:16,(anonymous_0)
FN:20,event
FN:24,component
FN:29,(anonymous_3)
FN:37,resource
FN:42,(anonymous_5)
FNF:6
FNH:6
FNDA:52,(anonymous_0)
FNDA:1,event
FNDA:6,component
FNDA:84,(anonymous_3)
FNDA:3,resource
FNDA:12,(anonymous_5)
DA:1,6
DA:2,6
DA:4,6
DA:16,6
DA:17,52
DA:21,1
DA:27,6
DA:29,6
DA:30,84
DA:32,6
DA:33,6
DA:40,3
DA:42,3
DA:43,12
DA:45,3
DA:46,3
LF:16
LH:16
BRF:0
BRH:0
end_of_record
TN:
SF:src/ecs/State.ts
FN:56,state
FN:80,(anonymous_1)
FN:87,(anonymous_2)
FNF:3
FNH:3
FNDA:1,state
FNDA:24,(anonymous_1)
FNDA:12,(anonymous_2)
DA:5,6
DA:7,6
DA:63,1
DA:65,1
DA:73,1
DA:74,3
DA:77,1
DA:80,6
DA:83,24
DA:84,24
DA:87,6
DA:90,12
DA:91,12
LF:13
LH:13
BRF:0
BRH:0
end_of_record
TN:
SF:src/ecs/Systems.ts
FN:17,(anonymous_0)
FN:29,(anonymous_1)
FNF:2
FNH:2
FNDA:36,(anonymous_0)
FNDA:36,(anonymous_1)
DA:17,36
DA:20,6
DA:21,6
DA:22,6
DA:23,6
DA:24,6
DA:27,6
DA:29,6
DA:30,36
DA:31,6
DA:33,36
LF:11
LH:11
BRDA:30,0,0,6
BRDA:30,0,1,30
BRF:2
BRH:2
end_of_record
TN:
SF:src/ecs/World.ts
FN:142,(anonymous_0)
FN:144,(anonymous_1)
FN:145,(anonymous_2)
FN:149,(anonymous_3)
FN:172,(anonymous_4)
FN:192,(anonymous_5)
FN:201,(anonymous_6)
FN:232,(anonymous_7)
FN:259,(anonymous_8)
FN:282,(anonymous_9)
FN:286,(anonymous_10)
FN:330,(anonymous_11)
FN:344,(anonymous_12)
FN:347,(anonymous_13)
FN:375,(anonymous_14)
FN:383,(anonymous_15)
FN:406,(anonymous_16)
FN:422,(anonymous_17)
FN:423,(anonymous_18)
FN:428,(anonymous_19)
FN:431,(anonymous_20)
FN:463,(anonymous_21)
FN:470,(anonymous_22)
FN:475,(anonymous_23)
FN:513,(anonymous_24)
FN:518,(anonymous_25)
FN:523,(anonymous_26)
FN:535,(anonymous_27)
FN:560,(anonymous_28)
FN:561,(anonymous_29)
FN:576,(anonymous_30)
FN:609,(anonymous_31)
FN:610,(anonymous_32)
FN:627,(anonymous_33)
FN:655,(anonymous_34)
FN:656,(anonymous_35)
FN:700,(anonymous_36)
FN:702,(anonymous_37)
FN:751,(anonymous_38)
FN:757,(anonymous_39)
FN:822,(anonymous_40)
FN:827,(anonymous_41)
FN:833,(anonymous_42)
FN:844,(anonymous_43)
FN:846,(anonymous_44)
FN:849,(anonymous_45)
FN:857,(anonymous_46)
FN:910,(anonymous_47)
FN:917,(anonymous_48)
FN:966,(anonymous_49)
FN:975,(anonymous_50)
FN:984,(anonymous_51)
FN:1008,(anonymous_52)
FN:1032,(anonymous_53)
FN:1067,(anonymous_54)
FN:1093,(anonymous_55)
FN:1109,(anonymous_56)
FN:1142,(anonymous_57)
FN:1173,(anonymous_58)
FN:1182,(anonymous_59)
FNF:60
FNH:59
FNDA:90,(anonymous_0)
FNDA:123,(anonymous_1)
FNDA:38,(anonymous_2)
FNDA:68,(anonymous_3)
FNDA:62,(anonymous_4)
FNDA:6,(anonymous_5)
FNDA:10,(anonymous_6)
FNDA:11,(anonymous_7)
FNDA:10,(anonymous_8)
FNDA:4,(anonymous_9)
FNDA:64,(anonymous_10)
FNDA:32,(anonymous_11)
FNDA:284,(anonymous_12)
FNDA:4,(anonymous_13)
FNDA:3,(anonymous_14)
FNDA:0,(anonymous_15)
FNDA:64,(anonymous_16)
FNDA:22,(anonymous_17)
FNDA:37,(anonymous_18)
FNDA:32,(anonymous_19)
FNDA:26,(anonymous_20)
FNDA:20,(anonymous_21)
FNDA:33,(anonymous_22)
FNDA:31,(anonymous_23)
FNDA:2,(anonymous_24)
FNDA:3,(anonymous_25)
FNDA:3,(anonymous_26)
FNDA:3,(anonymous_27)
FNDA:4,(anonymous_28)
FNDA:8,(anonymous_29)
FNDA:3,(anonymous_30)
FNDA:7,(anonymous_31)
FNDA:14,(anonymous_32)
FNDA:5,(anonymous_33)
FNDA:6,(anonymous_34)
FNDA:6,(anonymous_35)
FNDA:51,(anonymous_36)
FNDA:67,(anonymous_37)
FNDA:2,(anonymous_38)
FNDA:2,(anonymous_39)
FNDA:60,(anonymous_40)
FNDA:16,(anonymous_41)
FNDA:5,(anonymous_42)
FNDA:15,(anonymous_43)
FNDA:21,(anonymous_44)
FNDA:8,(anonymous_45)
FNDA:9,(anonymous_46)
FNDA:5,(anonymous_47)
FNDA:6,(anonymous_48)
FNDA:4,(anonymous_49)
FNDA:7,(anonymous_50)
FNDA:16,(anonymous_51)
FNDA:64,(anonymous_52)
FNDA:64,(anonymous_53)
FNDA:12,(anonymous_54)
FNDA:14,(anonymous_55)
FNDA:3,(anonymous_56)
FNDA:10,(anonymous_57)
FNDA:11,(anonymous_58)
FNDA:64,(anonymous_59)
DA:24,6
DA:102,97
DA:105,97
DA:106,97
DA:107,97
DA:110,97
DA:113,97
DA:116,97
DA:122,97
DA:125,97
DA:128,97
DA:129,97
DA:130,97
DA:131,97
DA:132,97
DA:133,97
DA:136,97
DA:143,90
DA:144,123
DA:145,38
DA:150,68
DA:151,68
DA:153,68
DA:154,62
DA:161,62
DA:162,86
DA:165,62
DA:166,62
DA:169,68
DA:173,62
DA:193,6
DA:194,6
DA:202,10
DA:203,10
DA:204,10
DA:205,10
DA:207,10
DA:235,11
DA:240,11
DA:260,10
DA:261,10
DA:263,9
DA:264,9
DA:265,9
DA:283,4
DA:287,64
DA:288,17
DA:290,16
DA:291,9
DA:294,16
DA:296,16
DA:297,16
DA:335,32
DA:336,32
DA:337,33
DA:338,33
DA:339,33
DA:341,32
DA:345,284
DA:346,284
DA:347,30
DA:348,28
DA:376,3
DA:407,64
DA:408,64
DA:409,64
DA:410,64
DA:411,64
DA:413,64
DA:414,64
DA:415,64
DA:423,37
DA:424,22
DA:426,22
DA:427,19
DA:428,32
DA:430,19
DA:431,26
DA:432,18
DA:435,19
DA:438,22
DA:464,20
DA:465,20
DA:467,20
DA:468,19
DA:470,19
DA:471,33
DA:474,19
DA:475,31
DA:476,17
DA:480,20
DA:514,2
DA:515,2
DA:518,3
DA:520,2
DA:521,2
DA:523,2
DA:524,3
DA:527,2
DA:528,2
DA:531,2
DA:532,3
DA:535,3
DA:536,2
DA:540,2
DA:561,8
DA:562,4
DA:564,4
DA:565,4
DA:566,4
DA:567,4
DA:568,3
DA:569,3
DA:574,4
DA:576,3
DA:577,3
DA:610,14
DA:611,7
DA:614,7
DA:615,7
DA:616,7
DA:617,7
DA:618,5
DA:619,5
DA:624,7
DA:627,5
DA:628,5
DA:656,6
DA:657,6
DA:659,6
DA:660,6
DA:661,6
DA:662,6
DA:663,5
DA:664,5
DA:669,6
DA:701,51
DA:702,67
DA:703,51
DA:705,51
DA:706,51
DA:708,51
DA:709,67
DA:712,67
DA:713,63
DA:715,67
DA:718,51
DA:720,51
DA:752,2
DA:755,2
DA:756,2
DA:757,2
DA:759,2
DA:761,2
DA:762,8
DA:763,8
DA:765,8
DA:766,8
DA:768,8
DA:769,8
DA:771,8
DA:772,2
DA:774,8
DA:777,8
DA:778,8
DA:781,2
DA:823,60
DA:824,60
DA:826,60
DA:828,16
DA:829,13
DA:830,13
DA:834,5
DA:835,5
DA:836,5
DA:839,4
DA:841,4
DA:845,15
DA:846,21
DA:850,8
DA:852,8
DA:853,8
DA:856,8
DA:857,9
DA:860,8
DA:862,3
DA:863,3
DA:865,3
DA:867,3
DA:871,5
DA:872,5
DA:873,6
DA:877,5
DA:878,5
DA:879,6
DA:881,5
DA:882,6
DA:886,5
DA:889,5
DA:890,5
DA:891,5
DA:893,5
DA:894,12
DA:897,5
DA:900,5
DA:901,6
DA:902,6
DA:904,6
DA:907,5
DA:911,5
DA:913,5
DA:914,5
DA:917,5
DA:918,6
DA:920,5
DA:923,4
DA:924,4
DA:925,5
DA:929,4
DA:930,4
DA:931,4
DA:935,4
DA:936,5
DA:937,5
DA:939,5
DA:943,4
DA:946,4
DA:947,4
DA:948,4
DA:949,4
DA:951,4
DA:952,4
DA:955,4
DA:960,0
DA:963,4
DA:967,4
DA:968,3
DA:969,3
DA:970,2
DA:972,3
DA:976,7
DA:977,7
DA:981,60
DA:985,16
DA:986,16
DA:988,16
DA:990,0
DA:991,0
DA:993,0
DA:994,0
DA:998,0
DA:1002,16
DA:1003,16
DA:1004,22
DA:1009,64
DA:1010,7
DA:1011,7
DA:1014,7
DA:1015,7
DA:1016,7
DA:1018,7
DA:1021,7
DA:1022,7
DA:1025,64
DA:1033,64
DA:1034,64
DA:1035,64
DA:1037,64
DA:1038,64
DA:1039,64
DA:1068,12
DA:1069,12
DA:1071,12
DA:1094,14
DA:1110,3
DA:1143,10
DA:1144,10
DA:1145,9
DA:1146,9
DA:1148,10
DA:1174,11
DA:1175,11
DA:1176,1
DA:1177,1
DA:1179,11
DA:1183,64
DA:1184,2
LF:287
LH:281
BRDA:153,0,0,62
BRDA:153,0,1,6
BRDA:203,1,0,10
BRDA:203,1,1,0
BRDA:261,2,0,1
BRDA:261,2,1,9
BRDA:261,3,0,10
BRDA:261,3,1,10
BRDA:288,4,0,1
BRDA:288,4,1,16
BRDA:290,5,0,9
BRDA:290,5,1,7
BRDA:335,6,0,1
BRDA:335,6,1,31
BRDA:337,7,0,33
BRDA:337,7,1,27
BRDA:338,8,0,33
BRDA:338,8,1,31
BRDA:345,9,0,284
BRDA:345,9,1,260
BRDA:347,10,0,28
BRDA:347,10,1,2
BRDA:426,11,0,19
BRDA:426,11,1,3
BRDA:431,12,0,18
BRDA:431,12,1,4
BRDA:471,13,0,11
BRDA:471,13,1,22
BRDA:524,14,0,0
BRDA:524,14,1,3
BRDA:562,15,0,0
BRDA:562,15,1,4
BRDA:567,16,0,3
BRDA:567,16,1,1
BRDA:574,17,0,1
BRDA:574,17,1,3
BRDA:611,18,0,0
BRDA:611,18,1,7
BRDA:617,19,0,5
BRDA:617,19,1,2
BRDA:624,20,0,2
BRDA:624,20,1,5
BRDA:657,21,0,0
BRDA:657,21,1,6
BRDA:662,22,0,5
BRDA:662,22,1,1
BRDA:712,23,0,63
BRDA:712,23,1,4
BRDA:763,24,0,2
BRDA:763,24,1,6
BRDA:771,25,0,2
BRDA:771,25,1,6
BRDA:828,26,0,3
BRDA:828,26,1,13
BRDA:834,27,0,0
BRDA:834,27,1,5
BRDA:836,28,0,1
BRDA:836,28,1,4
BRDA:845,29,0,1
BRDA:845,29,1,14
BRDA:850,30,0,0
BRDA:850,30,1,8
BRDA:860,31,0,3
BRDA:860,31,1,5
BRDA:901,32,0,6
BRDA:901,32,1,0
BRDA:911,33,0,0
BRDA:911,33,1,5
BRDA:920,34,0,1
BRDA:920,34,1,4
BRDA:936,35,0,5
BRDA:936,35,1,0
BRDA:946,36,0,4
BRDA:946,36,1,0
BRDA:967,37,0,1
BRDA:967,37,1,3
BRDA:976,38,0,0
BRDA:976,38,1,7
BRDA:988,39,0,0
BRDA:988,39,1,16
BRDA:1011,40,0,0
BRDA:1011,40,1,7
BRDA:1015,41,0,7
BRDA:1015,41,1,0
BRDA:1144,42,0,9
BRDA:1144,42,1,1
BRDA:1175,43,0,1
BRDA:1175,43,1,10
BRF:88
BRH:73
end_of_record
TN:
SF:src/game/Game.ts
FN:6,(anonymous_0)
FNF:1
FNH:0
FNDA:0,(anonymous_0)
DA:7,0
DA:8,0
DA:10,0
DA:12,0
LF:4
LH:0
BRF:0
BRH:0
end_of_record
TN:
SF:src/game/tmp.ts
FN:15,(anonymous_0)
FN:22,(anonymous_1)
FN:27,(anonymous_2)
FN:34,(anonymous_3)
FN:44,(anonymous_4)
FN:60,(anonymous_5)
FN:65,(anonymous_6)
FN:91,(anonymous_7)
FN:115,(anonymous_8)
FN:119,(anonymous_9)
FN:125,(anonymous_10)
FNF:11
FNH:0
FNDA:0,(anonymous_0)
FNDA:0,(anonymous_1)
FNDA:0,(anonymous_2)
FNDA:0,(anonymous_3)
FNDA:0,(anonymous_4)
FNDA:0,(anonymous_5)
FNDA:0,(anonymous_6)
FNDA:0,(anonymous_7)
FNDA:0,(anonymous_8)
FNDA:0,(anonymous_9)
FNDA:0,(anonymous_10)
DA:7,0
DA:13,0
DA:15,0
DA:22,0
DA:27,0
DA:32,0
DA:34,0
DA:35,0
DA:36,0
DA:38,0
DA:39,0
DA:40,0
DA:44,0
DA:45,0
DA:47,0
DA:48,0
DA:49,0
DA:52,0
DA:54,0
DA:55,0
DA:57,0
DA:60,0
DA:61,0
DA:62,0
DA:65,0
DA:66,0
DA:67,0
DA:68,0
DA:69,0
DA:70,0
DA:75,0
DA:76,0
DA:77,0
DA:78,0
DA:80,0
DA:81,0
DA:92,0
DA:93,0
DA:95,0
DA:96,0
DA:98,0
DA:99,0
DA:101,0
DA:102,0
DA:103,0
DA:104,0
DA:106,0
DA:110,0
DA:115,0
DA:116,0
DA:119,0
DA:120,0
DA:123,0
DA:125,0
DA:126,0
LF:55
LH:0
BRDA:22,0,0,0
BRDA:22,1,0,0
BRDA:27,2,0,0
BRDA:27,3,0,0
BRDA:80,4,0,0
BRDA:80,4,1,0
BRF:6
BRH:0
end_of_record
TN:
SF:src/game/renderer/rendererPlugin.ts
FN:17,(anonymous_0)
FN:25,(anonymous_1)
FNF:2
FNH:0
FNDA:0,(anonymous_0)
FNDA:0,(anonymous_1)
DA:17,0
DA:25,0
DA:26,0
DA:27,0
DA:28,0
DA:29,0
LF:6
LH:0
BRF:0
BRH:0
end_of_record
TN:
SF:src/game/renderer/setup.ts
FN:16,(anonymous_0)
FN:43,(anonymous_1)
FN:57,(anonymous_2)
FN:68,(anonymous_3)
FN:75,(anonymous_4)
FNF:5
FNH:0
FNDA:0,(anonymous_0)
FNDA:0,(anonymous_1)
FNDA:0,(anonymous_2)
FNDA:0,(anonymous_3)
FNDA:0,(anonymous_4)
DA:16,0
DA:17,0
DA:18,0
DA:19,0
DA:22,0
DA:23,0
DA:24,0
DA:25,0
DA:27,0
DA:28,0
DA:29,0
DA:30,0
DA:32,0
DA:43,0
DA:44,0
DA:45,0
DA:47,0
DA:48,0
DA:50,0
DA:51,0
DA:52,0
DA:54,0
DA:57,0
DA:58,0
DA:64,0
DA:65,0
DA:68,0
DA:69,0
DA:70,0
DA:71,0
DA:72,0
DA:75,0
DA:79,0
DA:80,0
DA:81,0
DA:82,0
LF:36
LH:0
BRDA:18,0,0,0
BRDA:18,0,1,0
BRF:2
BRH:0
end_of_record
TN:
SF:src/game/renderer/update.ts
FN:12,(anonymous_0)
FN:24,(anonymous_1)
FN:39,(anonymous_2)
FNF:3
FNH:0
FNDA:0,(anonymous_0)
FNDA:0,(anonymous_1)
FNDA:0,(anonymous_2)
DA:10,0
DA:12,0
DA:13,0
DA:14,0
DA:15,0
DA:16,0
DA:19,0
DA:20,0
DA:23,0
DA:24,0
DA:25,0
DA:26,0
DA:29,0
DA:30,0
DA:31,0
DA:32,0
DA:33,0
DA:34,0
DA:38,0
DA:39,0
DA:40,0
DA:42,0
DA:43,0
LF:23
LH:0
BRDA:14,0,0,0
BRDA:14,0,1,0
BRDA:26,1,0,0
BRDA:26,1,1,0
BRDA:29,2,0,0
BRDA:29,2,1,0
BRF:6
BRH:0
end_of_record
